This is XeTeX, Version 3.141592653-2.6-0.999995 (TeX Live 2023) (preloaded format=xelatex 2023.6.5)  5 JUN 2023 12:25
entering extended mode
 restricted \write18 enabled.
 %&-line parsing enabled.
**"C:/Users/plakopec.B01/OneDrive - Brenntag/PROJEKTY/PerformanceRaport/output/Performance_report_DECEMBER2022.tex"
(c:/Users/plakopec.B01/OneDrive - Brenntag/PROJEKTY/PerformanceRaport/output/Performance_report_DECEMBER2022.tex
LaTeX2e <2022-11-01> patch level 1
L3 programming layer <2023-05-22> (c:/Users/plakopec.B01/AppData/Roaming/TinyTeX/texmf-dist/tex/latex/base/report.cls
Document Class: report 2022/07/02 v1.4n Standard LaTeX document class
(c:/Users/plakopec.B01/AppData/Roaming/TinyTeX/texmf-dist/tex/latex/base/size10.clo
File: size10.clo 2022/07/02 v1.4n Standard LaTeX file (size option)
)
\c@part=\count181
\c@chapter=\count182
\c@section=\count183
\c@subsection=\count184
\c@subsubsection=\count185
\c@paragraph=\count186
\c@subparagraph=\count187
\c@figure=\count188
\c@table=\count189
\abovecaptionskip=\skip48
\belowcaptionskip=\skip49
\bibindent=\dimen140
) (c:/Users/plakopec.B01/AppData/Roaming/TinyTeX/texmf-dist/tex/latex/amsmath/amsmath.sty
Package: amsmath 2022/04/08 v2.17n AMS math features
\@mathmargin=\skip50
For additional information on amsmath, use the `?' option.
(c:/Users/plakopec.B01/AppData/Roaming/TinyTeX/texmf-dist/tex/latex/amsmath/amstext.sty
Package: amstext 2021/08/26 v2.01 AMS text
(c:/Users/plakopec.B01/AppData/Roaming/TinyTeX/texmf-dist/tex/latex/amsmath/amsgen.sty
File: amsgen.sty 1999/11/30 v2.0 generic functions
\@emptytoks=\toks16
\ex@=\dimen141
)) (c:/Users/plakopec.B01/AppData/Roaming/TinyTeX/texmf-dist/tex/latex/amsmath/amsbsy.sty
Package: amsbsy 1999/11/29 v1.2d Bold Symbols
\pmbraise@=\dimen142
) (c:/Users/plakopec.B01/AppData/Roaming/TinyTeX/texmf-dist/tex/latex/amsmath/amsopn.sty
Package: amsopn 2022/04/08 v2.04 operator names
)
\inf@bad=\count190
LaTeX Info: Redefining \frac on input line 234.
\uproot@=\count191
\leftroot@=\count192
LaTeX Info: Redefining \overline on input line 399.
LaTeX Info: Redefining \colon on input line 410.
\classnum@=\count193
\DOTSCASE@=\count194
LaTeX Info: Redefining \ldots on input line 496.
LaTeX Info: Redefining \dots on input line 499.
LaTeX Info: Redefining \cdots on input line 620.
\Mathstrutbox@=\box51
\strutbox@=\box52
LaTeX Info: Redefining \big on input line 722.
LaTeX Info: Redefining \Big on input line 723.
LaTeX Info: Redefining \bigg on input line 724.
LaTeX Info: Redefining \Bigg on input line 725.
\big@size=\dimen143
LaTeX Font Info:    Redeclaring font encoding OML on input line 743.
LaTeX Font Info:    Redeclaring font encoding OMS on input line 744.
\macc@depth=\count195
LaTeX Info: Redefining \bmod on input line 905.
LaTeX Info: Redefining \pmod on input line 910.
LaTeX Info: Redefining \smash on input line 940.
LaTeX Info: Redefining \relbar on input line 970.
LaTeX Info: Redefining \Relbar on input line 971.
\c@MaxMatrixCols=\count196
\dotsspace@=\muskip16
\c@parentequation=\count197
\dspbrk@lvl=\count198
\tag@help=\toks17
\row@=\count199
\column@=\count266
\maxfields@=\count267
\andhelp@=\toks18
\eqnshift@=\dimen144
\alignsep@=\dimen145
\tagshift@=\dimen146
\tagwidth@=\dimen147
\totwidth@=\dimen148
\lineht@=\dimen149
\@envbody=\toks19
\multlinegap=\skip51
\multlinetaggap=\skip52
\mathdisplay@stack=\toks20
LaTeX Info: Redefining \[ on input line 2953.
LaTeX Info: Redefining \] on input line 2954.
) (c:/Users/plakopec.B01/AppData/Roaming/TinyTeX/texmf-dist/tex/latex/amsfonts/amssymb.sty
Package: amssymb 2013/01/14 v3.01 AMS font symbols
(c:/Users/plakopec.B01/AppData/Roaming/TinyTeX/texmf-dist/tex/latex/amsfonts/amsfonts.sty
Package: amsfonts 2013/01/14 v3.01 Basic AMSFonts support
\symAMSa=\mathgroup4
\symAMSb=\mathgroup5
LaTeX Font Info:    Redeclaring math symbol \hbar on input line 98.
LaTeX Font Info:    Overwriting math alphabet `\mathfrak' in version `bold'
(Font)                  U/euf/m/n --> U/euf/b/n on input line 106.
)) (c:/Users/plakopec.B01/AppData/Roaming/TinyTeX/texmf-dist/tex/latex/lm/lmodern.sty
Package: lmodern 2015/05/01 v1.6.1 Latin Modern Fonts
LaTeX Font Info:    Overwriting symbol font `operators' in version `normal'
(Font)                  OT1/cmr/m/n --> OT1/lmr/m/n on input line 22.
LaTeX Font Info:    Overwriting symbol font `letters' in version `normal'
(Font)                  OML/cmm/m/it --> OML/lmm/m/it on input line 23.
LaTeX Font Info:    Overwriting symbol font `symbols' in version `normal'
(Font)                  OMS/cmsy/m/n --> OMS/lmsy/m/n on input line 24.
LaTeX Font Info:    Overwriting symbol font `largesymbols' in version `normal'
(Font)                  OMX/cmex/m/n --> OMX/lmex/m/n on input line 25.
LaTeX Font Info:    Overwriting symbol font `operators' in version `bold'
(Font)                  OT1/cmr/bx/n --> OT1/lmr/bx/n on input line 26.
LaTeX Font Info:    Overwriting symbol font `letters' in version `bold'
(Font)                  OML/cmm/b/it --> OML/lmm/b/it on input line 27.
LaTeX Font Info:    Overwriting symbol font `symbols' in version `bold'
(Font)                  OMS/cmsy/b/n --> OMS/lmsy/b/n on input line 28.
LaTeX Font Info:    Overwriting symbol font `largesymbols' in version `bold'
(Font)                  OMX/cmex/m/n --> OMX/lmex/m/n on input line 29.
LaTeX Font Info:    Overwriting math alphabet `\mathbf' in version `normal'
(Font)                  OT1/cmr/bx/n --> OT1/lmr/bx/n on input line 31.
LaTeX Font Info:    Overwriting math alphabet `\mathsf' in version `normal'
(Font)                  OT1/cmss/m/n --> OT1/lmss/m/n on input line 32.
LaTeX Font Info:    Overwriting math alphabet `\mathit' in version `normal'
(Font)                  OT1/cmr/m/it --> OT1/lmr/m/it on input line 33.
LaTeX Font Info:    Overwriting math alphabet `\mathtt' in version `normal'
(Font)                  OT1/cmtt/m/n --> OT1/lmtt/m/n on input line 34.
LaTeX Font Info:    Overwriting math alphabet `\mathbf' in version `bold'
(Font)                  OT1/cmr/bx/n --> OT1/lmr/bx/n on input line 35.
LaTeX Font Info:    Overwriting math alphabet `\mathsf' in version `bold'
(Font)                  OT1/cmss/bx/n --> OT1/lmss/bx/n on input line 36.
LaTeX Font Info:    Overwriting math alphabet `\mathit' in version `bold'
(Font)                  OT1/cmr/bx/it --> OT1/lmr/bx/it on input line 37.
LaTeX Font Info:    Overwriting math alphabet `\mathtt' in version `bold'
(Font)                  OT1/cmtt/m/n --> OT1/lmtt/m/n on input line 38.
) (c:/Users/plakopec.B01/AppData/Roaming/TinyTeX/texmf-dist/tex/generic/iftex/iftex.sty
Package: iftex 2022/02/03 v1.0f TeX engine tests
) (c:/Users/plakopec.B01/AppData/Roaming/TinyTeX/texmf-dist/tex/latex/unicode-math/unicode-math.sty (c:/Users/plakopec.B01/AppData/Roaming/TinyTeX/texmf-dist/tex/latex/l3kernel/expl3.sty
Package: expl3 2023-05-22 L3 programming layer (loader) 
(c:/Users/plakopec.B01/AppData/Roaming/TinyTeX/texmf-dist/tex/latex/l3backend/l3backend-xetex.def
File: l3backend-xetex.def 2023-04-19 L3 backend support: XeTeX
\g__graphics_track_int=\count268
\l__pdf_internal_box=\box53
\g__pdf_backend_object_int=\count269
\g__pdf_backend_annotation_int=\count270
\g__pdf_backend_link_int=\count271
))
Package: unicode-math 2020/01/31 v0.8q Unicode maths in XeLaTeX and LuaLaTeX
(c:/Users/plakopec.B01/AppData/Roaming/TinyTeX/texmf-dist/tex/latex/unicode-math/unicode-math-xetex.sty
Package: unicode-math-xetex 2020/01/31 v0.8q Unicode maths in XeLaTeX and LuaLaTeX
(c:/Users/plakopec.B01/AppData/Roaming/TinyTeX/texmf-dist/tex/latex/l3packages/xparse/xparse.sty
Package: xparse 2023-02-02 L3 Experimental document command parser
) (c:/Users/plakopec.B01/AppData/Roaming/TinyTeX/texmf-dist/tex/latex/l3packages/l3keys2e/l3keys2e.sty
Package: l3keys2e 2023-02-02 LaTeX2e option processing using LaTeX3 keys
) (c:/Users/plakopec.B01/AppData/Roaming/TinyTeX/texmf-dist/tex/latex/fontspec/fontspec.sty
Package: fontspec 2022/01/15 v2.8a Font selection for XeLaTeX and LuaLaTeX
(c:/Users/plakopec.B01/AppData/Roaming/TinyTeX/texmf-dist/tex/latex/fontspec/fontspec-xetex.sty
Package: fontspec-xetex 2022/01/15 v2.8a Font selection for XeLaTeX and LuaLaTeX
\l__fontspec_script_int=\count272
\l__fontspec_language_int=\count273
\l__fontspec_strnum_int=\count274
\l__fontspec_tmp_int=\count275
\l__fontspec_tmpa_int=\count276
\l__fontspec_tmpb_int=\count277
\l__fontspec_tmpc_int=\count278
\l__fontspec_em_int=\count279
\l__fontspec_emdef_int=\count280
\l__fontspec_strong_int=\count281
\l__fontspec_strongdef_int=\count282
\l__fontspec_tmpa_dim=\dimen150
\l__fontspec_tmpb_dim=\dimen151
\l__fontspec_tmpc_dim=\dimen152
(c:/Users/plakopec.B01/AppData/Roaming/TinyTeX/texmf-dist/tex/latex/base/fontenc.sty
Package: fontenc 2021/04/29 v2.0v Standard LaTeX package
) (c:/Users/plakopec.B01/AppData/Roaming/TinyTeX/texmf-dist/tex/latex/fontspec/fontspec.cfg))) (c:/Users/plakopec.B01/AppData/Roaming/TinyTeX/texmf-dist/tex/latex/base/fix-cm.sty
Package: fix-cm 2020/11/24 v1.1t fixes to LaTeX
(c:/Users/plakopec.B01/AppData/Roaming/TinyTeX/texmf-dist/tex/latex/base/ts1enc.def
File: ts1enc.def 2001/06/05 v3.0e (jk/car/fm) Standard LaTeX file
LaTeX Font Info:    Redeclaring font encoding TS1 on input line 47.
))
\g__um_fam_int=\count283
\g__um_fonts_used_int=\count284
\l__um_primecount_int=\count285
\g__um_primekern_muskip=\muskip17
(c:/Users/plakopec.B01/AppData/Roaming/TinyTeX/texmf-dist/tex/latex/unicode-math/unicode-math-table.tex))) (c:/Users/plakopec.B01/AppData/Roaming/TinyTeX/texmf-dist/tex/latex/parskip/parskip.sty
Package: parskip 2021-03-14 v2.0h non-zero parskip adjustments
(c:/Users/plakopec.B01/AppData/Roaming/TinyTeX/texmf-dist/tex/latex/kvoptions/kvoptions.sty
Package: kvoptions 2022-06-15 v3.15 Key value format for package options (HO)
(c:/Users/plakopec.B01/AppData/Roaming/TinyTeX/texmf-dist/tex/latex/graphics/keyval.sty
Package: keyval 2022/05/29 v1.15 key=value parser (DPC)
\KV@toks@=\toks21
) (c:/Users/plakopec.B01/AppData/Roaming/TinyTeX/texmf-dist/tex/generic/ltxcmds/ltxcmds.sty
Package: ltxcmds 2020-05-10 v1.25 LaTeX kernel commands for general use (HO)
) (c:/Users/plakopec.B01/AppData/Roaming/TinyTeX/texmf-dist/tex/latex/kvsetkeys/kvsetkeys.sty
Package: kvsetkeys 2022-10-05 v1.19 Key value parser (HO)
)) (c:/Users/plakopec.B01/AppData/Roaming/TinyTeX/texmf-dist/tex/latex/etoolbox/etoolbox.sty
Package: etoolbox 2020/10/05 v2.5k e-TeX tools for LaTeX (JAW)
\etb@tempcnta=\count286
)) (c:/Users/plakopec.B01/AppData/Roaming/TinyTeX/texmf-dist/tex/latex/xcolor/xcolor.sty
Package: xcolor 2022/06/12 v2.14 LaTeX color extensions (UK)
(c:/Users/plakopec.B01/AppData/Roaming/TinyTeX/texmf-dist/tex/latex/graphics-cfg/color.cfg
File: color.cfg 2016/01/02 v1.6 sample color configuration
)
Package xcolor Info: Driver file: xetex.def on input line 227.
(c:/Users/plakopec.B01/AppData/Roaming/TinyTeX/texmf-dist/tex/latex/graphics-def/xetex.def
File: xetex.def 2022/09/22 v5.0n Graphics/color driver for xetex
) (c:/Users/plakopec.B01/AppData/Roaming/TinyTeX/texmf-dist/tex/latex/graphics/mathcolor.ltx)
Package xcolor Info: Model `cmy' substituted by `cmy0' on input line 1353.
Package xcolor Info: Model `RGB' extended on input line 1369.
Package xcolor Info: Model `HTML' substituted by `rgb' on input line 1371.
Package xcolor Info: Model `Hsb' substituted by `hsb' on input line 1372.
Package xcolor Info: Model `tHsb' substituted by `hsb' on input line 1373.
Package xcolor Info: Model `HSB' substituted by `hsb' on input line 1374.
Package xcolor Info: Model `Gray' substituted by `gray' on input line 1375.
Package xcolor Info: Model `wave' substituted by `hsb' on input line 1376.
) (c:/Users/plakopec.B01/AppData/Roaming/TinyTeX/texmf-dist/tex/latex/geometry/geometry.sty
Package: geometry 2020/01/02 v5.9 Page Geometry
(c:/Users/plakopec.B01/AppData/Roaming/TinyTeX/texmf-dist/tex/generic/iftex/ifvtex.sty
Package: ifvtex 2019/10/25 v1.7 ifvtex legacy package. Use iftex instead.
)
\Gm@cnth=\count287
\Gm@cntv=\count288
\c@Gm@tempcnt=\count289
\Gm@bindingoffset=\dimen153
\Gm@wd@mp=\dimen154
\Gm@odd@mp=\dimen155
\Gm@even@mp=\dimen156
\Gm@layoutwidth=\dimen157
\Gm@layoutheight=\dimen158
\Gm@layouthoffset=\dimen159
\Gm@layoutvoffset=\dimen160
\Gm@dimlist=\toks22
) (c:/Users/plakopec.B01/AppData/Roaming/TinyTeX/texmf-dist/tex/latex/graphics/graphicx.sty
Package: graphicx 2021/09/16 v1.2d Enhanced LaTeX Graphics (DPC,SPQR)
(c:/Users/plakopec.B01/AppData/Roaming/TinyTeX/texmf-dist/tex/latex/graphics/graphics.sty
Package: graphics 2022/03/10 v1.4e Standard LaTeX Graphics (DPC,SPQR)
(c:/Users/plakopec.B01/AppData/Roaming/TinyTeX/texmf-dist/tex/latex/graphics/trig.sty
Package: trig 2021/08/11 v1.11 sin cos tan (DPC)
) (c:/Users/plakopec.B01/AppData/Roaming/TinyTeX/texmf-dist/tex/latex/graphics-cfg/graphics.cfg
File: graphics.cfg 2016/06/04 v1.11 sample graphics configuration
)
Package graphics Info: Driver file: xetex.def on input line 107.
)
\Gin@req@height=\dimen161
\Gin@req@width=\dimen162
) (c:/Users/plakopec.B01/AppData/Roaming/TinyTeX/texmf-dist/tex/latex/base/fontenc.sty
Package: fontenc 2021/04/29 v2.0v Standard LaTeX package
LaTeX Font Info:    Trying to load font information for T1+lmr on input line 112.
(c:/Users/plakopec.B01/AppData/Roaming/TinyTeX/texmf-dist/tex/latex/lm/t1lmr.fd
File: t1lmr.fd 2015/05/01 v1.6.1 Font defs for Latin Modern
)) (c:/Users/plakopec.B01/AppData/Roaming/TinyTeX/texmf-dist/tex/latex/base/inputenc.sty
Package: inputenc 2021/02/14 v1.3d Input encoding file
\inpenc@prehook=\toks23
\inpenc@posthook=\toks24

Package inputenc Warning: inputenc package ignored with utf8 based engines.

) (c:/Users/plakopec.B01/AppData/Roaming/TinyTeX/texmf-dist/tex/latex/float/float.sty
Package: float 2001/11/08 v1.3d Float enhancements (AL)
\c@float@type=\count290
\float@exts=\toks25
\float@box=\box54
\@float@everytoks=\toks26
\@floatcapt=\box55
) (c:/Users/plakopec.B01/AppData/Roaming/TinyTeX/texmf-dist/tex/latex/tools/array.sty
Package: array 2022/09/04 v2.5g Tabular extension package (FMi)
\col@sep=\dimen163
\ar@mcellbox=\box56
\extrarowheight=\dimen164
\NC@list=\toks27
\extratabsurround=\skip53
\backup@length=\skip54
\ar@cellbox=\box57
) (c:/Users/plakopec.B01/AppData/Roaming/TinyTeX/texmf-dist/tex/latex/fancyhdr/fancyhdr.sty
Package: fancyhdr 2022/11/09 v4.1 Extensive control of page headers and footers
\f@nch@headwidth=\skip55
\f@nch@O@elh=\skip56
\f@nch@O@erh=\skip57
\f@nch@O@olh=\skip58
\f@nch@O@orh=\skip59
\f@nch@O@elf=\skip60
\f@nch@O@erf=\skip61
\f@nch@O@olf=\skip62
\f@nch@O@orf=\skip63
) (c:/Users/plakopec.B01/AppData/Roaming/TinyTeX/texmf-dist/tex/latex/caption/caption.sty
Package: caption 2023/03/12 v3.6j Customizing captions (AR)
(c:/Users/plakopec.B01/AppData/Roaming/TinyTeX/texmf-dist/tex/latex/caption/caption3.sty
Package: caption3 2023/03/12 v2.4 caption3 kernel (AR)
\caption@tempdima=\dimen165
\captionmargin=\dimen166
\caption@leftmargin=\dimen167
\caption@rightmargin=\dimen168
\caption@width=\dimen169
\caption@indent=\dimen170
\caption@parindent=\dimen171
\caption@hangindent=\dimen172
Package caption Info: Standard document class detected.
)
\c@caption@flags=\count291
\c@continuedfloat=\count292
Package caption Info: float package is loaded.
) (c:/Users/plakopec.B01/AppData/Roaming/TinyTeX/texmf-dist/tex/latex/psnfss/helvet.sty
Package: helvet 2020/03/25 PSNFSS-v9.3 (WaS) 
) (c:/Users/plakopec.B01/AppData/Roaming/TinyTeX/texmf-dist/tex/latex/datetime/datetime.sty
Package: datetime 2015/03/20 v2.60 Date Time Package
(c:/Users/plakopec.B01/AppData/Roaming/TinyTeX/texmf-dist/tex/latex/fmtcount/fmtcount.sty
Invalid UTF-8 byte or sequence at line 10 replaced by U+FFFD.
Invalid UTF-8 byte or sequence at line 22 replaced by U+FFFD.
Package: fmtcount 2020/01/30 v3.07
(c:/Users/plakopec.B01/AppData/Roaming/TinyTeX/texmf-dist/tex/latex/base/ifthen.sty
Package: ifthen 2022/04/13 v1.1d Standard LaTeX ifthen package (DPC)
) (c:/Users/plakopec.B01/AppData/Roaming/TinyTeX/texmf-dist/tex/latex/xkeyval/xkeyval.sty
Package: xkeyval 2022/06/16 v2.9 package option processing (HA)
(c:/Users/plakopec.B01/AppData/Roaming/TinyTeX/texmf-dist/tex/generic/xkeyval/xkeyval.tex (c:/Users/plakopec.B01/AppData/Roaming/TinyTeX/texmf-dist/tex/generic/xkeyval/xkvutils.tex
\XKV@toks=\toks28
\XKV@tempa@toks=\toks29
)
\XKV@depth=\count293
File: xkeyval.tex 2014/12/03 v2.7a key=value parser (HA)
)) (c:/Users/plakopec.B01/AppData/Roaming/TinyTeX/texmf-dist/tex/latex/fmtcount/fcprefix.sty
Invalid UTF-8 byte or sequence at line 10 replaced by U+FFFD.
Invalid UTF-8 byte or sequence at line 22 replaced by U+FFFD.
Package: fcprefix 2012/09/28
(c:/Users/plakopec.B01/AppData/Roaming/TinyTeX/texmf-dist/tex/latex/fmtcount/fcnumparser.sty
Invalid UTF-8 byte or sequence at line 10 replaced by U+FFFD.
Invalid UTF-8 byte or sequence at line 22 replaced by U+FFFD.
Package: fcnumparser 2017/06/15
\fc@digit@counter=\count294
))
\c@padzeroesN=\count295
\fc@tmpcatcode=\count296
\@DT@modctr=\count297
\@ordinalctr=\count298
\@orgargctr=\count299
\@strctr=\count300
\@tmpstrctr=\count301
\@DT@loopN=\count302
\@DT@X=\count303
) (c:/Users/plakopec.B01/AppData/Roaming/TinyTeX/texmf-dist/tex/latex/datetime/datetime-defaults.sty
Package: datetime-defaults 2013/09/10
)
\@day=\count304
\@month=\count305
\@year=\count306
\c@HOUR=\count307
\c@HOURXII=\count308
\c@MINUTE=\count309
\c@TOHOUR=\count310
\c@TOMINUTE=\count311
\c@SECOND=\count312
\currenthour=\count313
\currentminute=\count314
\currentsecond=\count315
Package datetime Info: No datetime.cfg file found, using default settings on input line 308.
\@dtctr=\count316
\dayofyear=\count317
\dayofweek=\count318
LaTeX Info: Redefining \today on input line 736.
\dt@a=\toks30
\dt@b=\toks31
) (c:/Users/plakopec.B01/AppData/Roaming/TinyTeX/texmf-dist/tex/latex/numprint/numprint.sty
Package: numprint 2012/08/20 v1.39 Print numbers (HH)
\c@nprt@mantissa@digitsbefore=\count319
\c@nprt@mantissa@digitsafter=\count320
\c@nprt@exponent@digitsbefore=\count321
\c@nprt@exponent@digitsafter=\count322
\nprt@digitwidth=\skip64
\nprt@sepwidth=\skip65
\nprt@decimalwidth=\skip66
\nprt@blockwidth=\skip67
\nprt@digittoks=\toks32
\nprt@pretoks=\toks33
\nprt@posttoks=\toks34
\nprt@thisdigit=\count323
\nprt@curpos=\count324
\nprt@rndpos=\count325
\c@nprt@digitsfirstblock=\count326
\c@nprt@blockcnt=\count327
\c@nprt@cntprint=\count328
No configuration file `numprint.cfg' found.) (c:/Users/plakopec.B01/AppData/Roaming/TinyTeX/texmf-dist/tex/latex/siunitx/siunitx.sty
Package: siunitx 2023-04-13 v3.2.5 A comprehensive (SI) units package
\l__siunitx_angle_tmp_dim=\dimen173
\l__siunitx_angle_marker_box=\box58
\l__siunitx_angle_unit_box=\box59
\l__siunitx_compound_count_int=\count329
\l__siunitx_number_exponent_fixed_int=\count330
\l__siunitx_number_min_decimal_int=\count331
\l__siunitx_number_min_integer_int=\count332
\l__siunitx_number_round_precision_int=\count333
\l__siunitx_number_lower_threshold_int=\count334
\l__siunitx_number_upper_threshold_int=\count335
\l__siunitx_number_group_first_int=\count336
\l__siunitx_number_group_size_int=\count337
\l__siunitx_number_group_minimum_int=\count338
\l__siunitx_table_tmp_box=\box60
\l__siunitx_table_tmp_dim=\dimen174
\l__siunitx_table_column_width_dim=\dimen175
\l__siunitx_table_integer_box=\box61
\l__siunitx_table_decimal_box=\box62
\l__siunitx_table_uncert_box=\box63
\l__siunitx_table_before_box=\box64
\l__siunitx_table_after_box=\box65
\l__siunitx_table_before_dim=\dimen176
\l__siunitx_table_carry_dim=\dimen177
\l__siunitx_unit_tmp_int=\count339
\l__siunitx_unit_position_int=\count340
\l__siunitx_unit_total_int=\count341
) (c:/Users/plakopec.B01/AppData/Roaming/TinyTeX/texmf-dist/tex/latex/pdflscape/pdflscape.sty
Package: pdflscape 2022-10-27 v0.13 Display of landscape pages in PDF
(c:/Users/plakopec.B01/AppData/Roaming/TinyTeX/texmf-dist/tex/latex/pdflscape/pdflscape-nometadata.sty
Package: pdflscape-nometadata 2022-10-28 v0.13 Display of landscape pages in PDF (HO)
(c:/Users/plakopec.B01/AppData/Roaming/TinyTeX/texmf-dist/tex/latex/graphics/lscape.sty
Package: lscape 2020/05/28 v3.02 Landscape Pages (DPC)
)
Package pdflscape Info: Auto-detected driver: dvipdfm (xetex) on input line 98.
)) (c:/Users/plakopec.B01/AppData/Roaming/TinyTeX/texmf-dist/tex/latex/svg/svg.sty
Package: svg 2020/11/26 v2.02k (include SVG pictures)
(c:/Users/plakopec.B01/AppData/Roaming/TinyTeX/texmf-dist/tex/latex/koma-script/scrbase.sty
Package: scrbase 2023/04/24 v3.40 KOMA-Script package (KOMA-Script-independent basics and keyval usage)
(c:/Users/plakopec.B01/AppData/Roaming/TinyTeX/texmf-dist/tex/latex/koma-script/scrlfile.sty
Package: scrlfile 2023/04/24 v3.40 KOMA-Script package (file load hooks)
(c:/Users/plakopec.B01/AppData/Roaming/TinyTeX/texmf-dist/tex/latex/koma-script/scrlfile-hook.sty
Package: scrlfile-hook 2023/04/24 v3.40 KOMA-Script package (using LaTeX hooks)
(c:/Users/plakopec.B01/AppData/Roaming/TinyTeX/texmf-dist/tex/latex/koma-script/scrlogo.sty
Package: scrlogo 2023/04/24 v3.40 KOMA-Script package (logo)
)))
Applying: [2021/05/01] Usage of raw or classic option list on input line 252.
Already applied: [0000/00/00] Usage of raw or classic option list on input line 368.
) (c:/Users/plakopec.B01/AppData/Roaming/TinyTeX/texmf-dist/tex/generic/pdftexcmds/pdftexcmds.sty
Package: pdftexcmds 2020-06-27 v0.33 Utility functions of pdfTeX for LuaTeX (HO)
(c:/Users/plakopec.B01/AppData/Roaming/TinyTeX/texmf-dist/tex/generic/infwarerr/infwarerr.sty
Package: infwarerr 2019/12/03 v1.5 Providing info/warning/error messages (HO)
)
Package pdftexcmds Info: \pdf@primitive is available.
Package pdftexcmds Info: \pdf@ifprimitive is available.
Package pdftexcmds Info: \pdfdraftmode not found.
) (c:/Users/plakopec.B01/AppData/Roaming/TinyTeX/texmf-dist/tex/latex/trimspaces/trimspaces.sty
Package: trimspaces 2009/09/17 v1.1 Trim spaces around a token list
) (c:/Users/plakopec.B01/AppData/Roaming/TinyTeX/texmf-dist/tex/latex/tools/shellesc.sty
Package: shellesc 2019/11/08 v1.0c unified shell escape interface for LaTeX
Package shellesc Info: Restricted shell escape enabled on input line 77.
)
\c@svg@param@lastpage=\count342
\svg@box=\box66
\c@svg@param@currpage=\count343
) (c:/Users/plakopec.B01/AppData/Roaming/TinyTeX/texmf-dist/tex/latex/transparent/transparent.sty
Package: transparent 2022-10-27 v1.5 Transparency with color stacks
(c:/Users/plakopec.B01/AppData/Roaming/TinyTeX/texmf-dist/tex/latex/transparent/transparent-nometadata.sty
Package: transparent-nometadata 2022-10-27 v1.5 Transparency via pdfTeX's color stack (HO)

Package transparent Warning: Loading aborted, because pdfTeX is not running in PDF mode.

)) (c:/Users/plakopec.B01/AppData/Roaming/TinyTeX/texmf-dist/tex/latex/pgf/systemlayer/pgfsys.sty (c:/Users/plakopec.B01/AppData/Roaming/TinyTeX/texmf-dist/tex/latex/pgf/utilities/pgfrcs.sty (c:/Users/plakopec.B01/AppData/Roaming/TinyTeX/texmf-dist/tex/generic/pgf/utilities/pgfutil-common.tex
\pgfutil@everybye=\toks35
\pgfutil@tempdima=\dimen178
\pgfutil@tempdimb=\dimen179
) (c:/Users/plakopec.B01/AppData/Roaming/TinyTeX/texmf-dist/tex/generic/pgf/utilities/pgfutil-latex.def
\pgfutil@abb=\box67
) (c:/Users/plakopec.B01/AppData/Roaming/TinyTeX/texmf-dist/tex/generic/pgf/utilities/pgfrcs.code.tex (c:/Users/plakopec.B01/AppData/Roaming/TinyTeX/texmf-dist/tex/generic/pgf/pgf.revision.tex)
Package: pgfrcs 2023-01-15 v3.1.10 (3.1.10)
)) (c:/Users/plakopec.B01/AppData/Roaming/TinyTeX/texmf-dist/tex/generic/pgf/systemlayer/pgfsys.code.tex
Package: pgfsys 2023-01-15 v3.1.10 (3.1.10)
(c:/Users/plakopec.B01/AppData/Roaming/TinyTeX/texmf-dist/tex/generic/pgf/utilities/pgfkeys.code.tex
\pgfkeys@pathtoks=\toks36
\pgfkeys@temptoks=\toks37
(c:/Users/plakopec.B01/AppData/Roaming/TinyTeX/texmf-dist/tex/generic/pgf/utilities/pgfkeyslibraryfiltered.code.tex
\pgfkeys@tmptoks=\toks38
))
\pgf@x=\dimen180
\pgf@y=\dimen181
\pgf@xa=\dimen182
\pgf@ya=\dimen183
\pgf@xb=\dimen184
\pgf@yb=\dimen185
\pgf@xc=\dimen186
\pgf@yc=\dimen187
\pgf@xd=\dimen188
\pgf@yd=\dimen189
\w@pgf@writea=\write3
\r@pgf@reada=\read2
\c@pgf@counta=\count344
\c@pgf@countb=\count345
\c@pgf@countc=\count346
\c@pgf@countd=\count347
\t@pgf@toka=\toks39
\t@pgf@tokb=\toks40
\t@pgf@tokc=\toks41
\pgf@sys@id@count=\count348
(c:/Users/plakopec.B01/AppData/Roaming/TinyTeX/texmf-dist/tex/generic/pgf/systemlayer/pgf.cfg
File: pgf.cfg 2023-01-15 v3.1.10 (3.1.10)
)
Driver file for pgf: pgfsys-xetex.def
(c:/Users/plakopec.B01/AppData/Roaming/TinyTeX/texmf-dist/tex/generic/pgf/systemlayer/pgfsys-xetex.def
File: pgfsys-xetex.def 2023-01-15 v3.1.10 (3.1.10)
(c:/Users/plakopec.B01/AppData/Roaming/TinyTeX/texmf-dist/tex/generic/pgf/systemlayer/pgfsys-dvipdfmx.def
File: pgfsys-dvipdfmx.def 2023-01-15 v3.1.10 (3.1.10)
(c:/Users/plakopec.B01/AppData/Roaming/TinyTeX/texmf-dist/tex/generic/pgf/systemlayer/pgfsys-common-pdf.def
File: pgfsys-common-pdf.def 2023-01-15 v3.1.10 (3.1.10)
)
\pgfsys@objnum=\count349
))) (c:/Users/plakopec.B01/AppData/Roaming/TinyTeX/texmf-dist/tex/generic/pgf/systemlayer/pgfsyssoftpath.code.tex
File: pgfsyssoftpath.code.tex 2023-01-15 v3.1.10 (3.1.10)
\pgfsyssoftpath@smallbuffer@items=\count350
\pgfsyssoftpath@bigbuffer@items=\count351
) (c:/Users/plakopec.B01/AppData/Roaming/TinyTeX/texmf-dist/tex/generic/pgf/systemlayer/pgfsysprotocol.code.tex
File: pgfsysprotocol.code.tex 2023-01-15 v3.1.10 (3.1.10)
)) (c:/Users/plakopec.B01/AppData/Roaming/TinyTeX/texmf-dist/tex/generic/xstring/xstring.sty (c:/Users/plakopec.B01/AppData/Roaming/TinyTeX/texmf-dist/tex/generic/xstring/xstring.tex
\integerpart=\count352
\decimalpart=\count353
)
Package: xstring 2023/01/14 v1.85 String manipulations (CT)
) (c:/Users/plakopec.B01/AppData/Roaming/TinyTeX/texmf-dist/tex/latex/fontsize/fontsize.sty
Package: fontsize 2021/08/04 v0.8.5 'fontsize' package. Set main font sizes (Ivan Valbusa)
(c:/Users/plakopec.B01/AppData/Roaming/TinyTeX/texmf-dist/tex/latex/l3packages/xfp/xfp.sty
Package: xfp 2023-02-02 L3 Floating point unit
)) (c:/Users/plakopec.B01/AppData/Roaming/TinyTeX/texmf-dist/tex/latex/booktabs/booktabs.sty
Package: booktabs 2020/01/12 v1.61803398 Publication quality tables
\heavyrulewidth=\dimen190
\lightrulewidth=\dimen191
\cmidrulewidth=\dimen192
\belowrulesep=\dimen193
\belowbottomsep=\dimen194
\aboverulesep=\dimen195
\abovetopsep=\dimen196
\cmidrulesep=\dimen197
\cmidrulekern=\dimen198
\defaultaddspace=\dimen199
\@cmidla=\count354
\@cmidlb=\count355
\@aboverulesep=\dimen256
\@belowrulesep=\dimen257
\@thisruleclass=\count356
\@lastruleclass=\count357
\@thisrulewidth=\dimen258
) (c:/Users/plakopec.B01/AppData/Roaming/TinyTeX/texmf-dist/tex/latex/tools/longtable.sty
Package: longtable 2021-09-01 v4.17 Multi-page Table package (DPC)
\LTleft=\skip68
\LTright=\skip69
\LTpre=\skip70
\LTpost=\skip71
\LTchunksize=\count358
\LTcapwidth=\dimen259
\LT@head=\box68
\LT@firsthead=\box69
\LT@foot=\box70
\LT@lastfoot=\box71
\LT@gbox=\box72
\LT@cols=\count359
\LT@rows=\count360
\c@LT@tables=\count361
\c@LT@chunks=\count362
\LT@p@ftn=\toks42
) (c:/Users/plakopec.B01/AppData/Roaming/TinyTeX/texmf-dist/tex/latex/multirow/multirow.sty
Package: multirow 2021/03/15 v2.8 Span multiple rows of a table
\multirow@colwidth=\skip72
\multirow@cntb=\count363
\multirow@dima=\skip73
\bigstrutjot=\dimen260
) (c:/Users/plakopec.B01/AppData/Roaming/TinyTeX/texmf-dist/tex/latex/titlesec/titlesec.sty
Package: titlesec 2021/07/05 v2.14 Sectioning titles
\ttl@box=\box73
\beforetitleunit=\skip74
\aftertitleunit=\skip75
\ttl@plus=\dimen261
\ttl@minus=\dimen262
\ttl@toksa=\toks43
\titlewidth=\dimen263
\titlewidthlast=\dimen264
\titlewidthfirst=\dimen265
) (c:/Users/plakopec.B01/AppData/Roaming/TinyTeX/texmf-dist/tex/latex/appendix/appendix.sty
Package: appendix 2020/02/08 v1.2c extra appendix facilities
\c@@pps=\count364
\c@@ppsavesec=\count365
\c@@ppsaveapp=\count366
) (c:/Users/plakopec.B01/AppData/Roaming/TinyTeX/texmf-dist/tex/latex/wrapfig/wrapfig.sty
\wrapoverhang=\dimen266
\WF@size=\dimen267
\c@WF@wrappedlines=\count367
\WF@box=\box74
\WF@everypar=\toks44
Package: wrapfig 2003/01/31  v 3.6
) (c:/Users/plakopec.B01/AppData/Roaming/TinyTeX/texmf-dist/tex/latex/tex-gyre/tgheros.sty
Package: tgheros 2009/09/27 v1.2 TeX Gyre Heros as default sans serif family
) (c:/Users/plakopec.B01/AppData/Roaming/TinyTeX/texmf-dist/tex/latex/colortbl/colortbl.sty
Package: colortbl 2022/06/20 v1.0f Color table columns (DPC)
\everycr=\toks45
\minrowclearance=\skip76
\rownum=\count368
) (c:/Users/plakopec.B01/AppData/Roaming/TinyTeX/texmf-dist/tex/latex/tabu/tabu.sty
Package: tabu 2019/01/11 v2.9 - flexible LaTeX tabulars (FC+tabu-fixed)
(c:/Users/plakopec.B01/AppData/Roaming/TinyTeX/texmf-dist/tex/latex/varwidth/varwidth.sty
Package: varwidth 2009/03/30 ver 0.92;  Variable-width minipages
\@vwid@box=\box75
\sift@deathcycles=\count369
\@vwid@loff=\dimen268
\@vwid@roff=\dimen269
)
\c@taburow=\count370
\tabu@nbcols=\count371
\tabu@cnt=\count372
\tabu@Xcol=\count373
\tabu@alloc=\count374
\tabu@nested=\count375
\tabu@target=\dimen270
\tabu@spreadtarget=\dimen271
\tabu@naturalX=\dimen272
\tabucolX=\dimen273
\tabu@Xsum=\dimen274
\extrarowdepth=\dimen275
\abovetabulinesep=\dimen276
\belowtabulinesep=\dimen277
\tabustrutrule=\dimen278
\tabu@thebody=\toks46
\tabu@footnotes=\toks47
\tabu@box=\box76
\tabu@arstrutbox=\box77
\tabu@hleads=\box78
\tabu@vleads=\box79
\tabu@cellskip=\skip77
) (c:/Users/plakopec.B01/AppData/Roaming/TinyTeX/texmf-dist/tex/latex/threeparttable/threeparttable.sty
Package: threeparttable 2003/06/13  v 3.0
\@tempboxb=\box80
) (c:/Users/plakopec.B01/AppData/Roaming/TinyTeX/texmf-dist/tex/latex/threeparttablex/threeparttablex.sty
Package: threeparttablex 2013/07/23 v0.3 by daleif
(c:/Users/plakopec.B01/AppData/Roaming/TinyTeX/texmf-dist/tex/latex/environ/environ.sty
Package: environ 2014/05/04 v0.3 A new way to define environments
)
\TPTL@width=\skip78
) (c:/Users/plakopec.B01/AppData/Roaming/TinyTeX/texmf-dist/tex/generic/ulem/ulem.sty
\UL@box=\box81
\UL@hyphenbox=\box82
\UL@skip=\skip79
\UL@hook=\toks48
\UL@height=\dimen279
\UL@pe=\count376
\UL@pixel=\dimen280
\ULC@box=\box83
Package: ulem 2019/11/18
\ULdepth=\dimen281
) (c:/Users/plakopec.B01/AppData/Roaming/TinyTeX/texmf-dist/tex/latex/lipsum/lipsum.sty
Package: lipsum 2021-09-20 v2.7 150 paragraphs of Lorem Ipsum dummy text
\g__lipsum_par_int=\count377
\l__lipsum_a_int=\count378
\l__lipsum_b_int=\count379
(c:/Users/plakopec.B01/AppData/Roaming/TinyTeX/texmf-dist/tex/latex/lipsum/lipsum.ltd.tex)) (c:/Users/plakopec.B01/AppData/Roaming/TinyTeX/texmf-dist/tex/latex/makecell/makecell.sty
Package: makecell 2009/08/03 V0.1e Managing of Tab Column Heads and Cells
\rotheadsize=\dimen282
\c@nlinenum=\count380
\TeXr@lab=\toks49
) (c:/Users/plakopec.B01/AppData/Roaming/TinyTeX/texmf-dist/tex/latex/tools/afterpage.sty
Package: afterpage 2014/10/28 v1.08 After-Page Package (DPC)
\AP@output=\toks50
\AP@partial=\box84
\AP@footins=\box85
) (c:/Users/plakopec.B01/AppData/Roaming/TinyTeX/texmf-dist/tex/latex/setspace/setspace.sty
Package: setspace 2022/12/04 v6.7b set line spacing
) (c:/Users/plakopec.B01/AppData/Roaming/TinyTeX/texmf-dist/tex/latex/adjustbox/adjustbox.sty
Package: adjustbox 2022/10/17 v1.3a Adjusting TeX boxes (trim, clip, ...)
(c:/Users/plakopec.B01/AppData/Roaming/TinyTeX/texmf-dist/tex/latex/adjustbox/adjcalc.sty
Package: adjcalc 2012/05/16 v1.1 Provides advanced setlength with multiple back-ends (calc, etex, pgfmath)
) (c:/Users/plakopec.B01/AppData/Roaming/TinyTeX/texmf-dist/tex/latex/adjustbox/trimclip.sty
Package: trimclip 2020/08/19 v1.2 Trim and clip general TeX material
(c:/Users/plakopec.B01/AppData/Roaming/TinyTeX/texmf-dist/tex/latex/collectbox/collectbox.sty
Package: collectbox 2022/10/17 v0.4c Collect macro arguments as boxes
\collectedbox=\box86
)
\tc@llx=\dimen283
\tc@lly=\dimen284
\tc@urx=\dimen285
\tc@ury=\dimen286
Package trimclip Info: Using driver 'tc-xetex.def'.
(c:/Users/plakopec.B01/AppData/Roaming/TinyTeX/texmf-dist/tex/latex/adjustbox/tc-xetex.def
File: tc-xetex.def 2019/01/04 v2.2 Clipping driver for xetex
))
\adjbox@Width=\dimen287
\adjbox@Height=\dimen288
\adjbox@Depth=\dimen289
\adjbox@Totalheight=\dimen290
\adjbox@pwidth=\dimen291
\adjbox@pheight=\dimen292
\adjbox@pdepth=\dimen293
\adjbox@ptotalheight=\dimen294
) (c:/Users/plakopec.B01/AppData/Roaming/TinyTeX/texmf-dist/tex/latex/hyperref/hyperref.sty
Package: hyperref 2023-05-16 v7.00y Hypertext links for LaTeX
(c:/Users/plakopec.B01/AppData/Roaming/TinyTeX/texmf-dist/tex/generic/kvdefinekeys/kvdefinekeys.sty
Package: kvdefinekeys 2019-12-19 v1.6 Define keys (HO)
) (c:/Users/plakopec.B01/AppData/Roaming/TinyTeX/texmf-dist/tex/generic/pdfescape/pdfescape.sty
Package: pdfescape 2019/12/09 v1.15 Implements pdfTeX's escape features (HO)
) (c:/Users/plakopec.B01/AppData/Roaming/TinyTeX/texmf-dist/tex/latex/hycolor/hycolor.sty
Package: hycolor 2020-01-27 v1.10 Color options for hyperref/bookmark (HO)
) (c:/Users/plakopec.B01/AppData/Roaming/TinyTeX/texmf-dist/tex/latex/letltxmacro/letltxmacro.sty
Package: letltxmacro 2019/12/03 v1.6 Let assignment for LaTeX macros (HO)
) (c:/Users/plakopec.B01/AppData/Roaming/TinyTeX/texmf-dist/tex/latex/auxhook/auxhook.sty
Package: auxhook 2019-12-17 v1.6 Hooks for auxiliary files (HO)
) (c:/Users/plakopec.B01/AppData/Roaming/TinyTeX/texmf-dist/tex/latex/hyperref/nameref.sty
Package: nameref 2023-05-16 v2.51 Cross-referencing by name of section
(c:/Users/plakopec.B01/AppData/Roaming/TinyTeX/texmf-dist/tex/latex/refcount/refcount.sty
Package: refcount 2019/12/15 v3.6 Data extraction from label references (HO)
) (c:/Users/plakopec.B01/AppData/Roaming/TinyTeX/texmf-dist/tex/generic/gettitlestring/gettitlestring.sty
Package: gettitlestring 2019/12/15 v1.6 Cleanup title references (HO)
)
\c@section@level=\count381
)
\@linkdim=\dimen295
\Hy@linkcounter=\count382
\Hy@pagecounter=\count383
(c:/Users/plakopec.B01/AppData/Roaming/TinyTeX/texmf-dist/tex/latex/hyperref/pd1enc.def
File: pd1enc.def 2023-05-16 v7.00y Hyperref: PDFDocEncoding definition (HO)
) (c:/Users/plakopec.B01/AppData/Roaming/TinyTeX/texmf-dist/tex/generic/intcalc/intcalc.sty
Package: intcalc 2019/12/15 v1.3 Expandable calculations with integers (HO)
)
\Hy@SavedSpaceFactor=\count384
(c:/Users/plakopec.B01/AppData/Roaming/TinyTeX/texmf-dist/tex/latex/hyperref/puenc.def
File: puenc.def 2023-05-16 v7.00y Hyperref: PDF Unicode definition (HO)
)
Package hyperref Info: Option `unicode' set `true' on input line 4050.
Package hyperref Info: Hyper figures OFF on input line 4167.
Package hyperref Info: Link nesting OFF on input line 4172.
Package hyperref Info: Hyper index ON on input line 4175.
Package hyperref Info: Plain pages OFF on input line 4182.
Package hyperref Info: Backreferencing OFF on input line 4187.
Package hyperref Info: Implicit mode ON; LaTeX internals redefined.
Package hyperref Info: Bookmarks ON on input line 4434.
\c@Hy@tempcnt=\count385
(c:/Users/plakopec.B01/AppData/Roaming/TinyTeX/texmf-dist/tex/latex/url/url.sty
\Urlmuskip=\muskip18
Package: url 2013/09/16  ver 3.4  Verb mode for urls, etc.
)
LaTeX Info: Redefining \url on input line 4772.
\XeTeXLinkMargin=\dimen296
(c:/Users/plakopec.B01/AppData/Roaming/TinyTeX/texmf-dist/tex/generic/bitset/bitset.sty
Package: bitset 2019/12/09 v1.3 Handle bit-vector datatype (HO)
(c:/Users/plakopec.B01/AppData/Roaming/TinyTeX/texmf-dist/tex/generic/bigintcalc/bigintcalc.sty
Package: bigintcalc 2019/12/15 v1.5 Expandable calculations on big integers (HO)
))
\Fld@menulength=\count386
\Field@Width=\dimen297
\Fld@charsize=\dimen298
Package hyperref Info: Hyper figures OFF on input line 6051.
Package hyperref Info: Link nesting OFF on input line 6056.
Package hyperref Info: Hyper index ON on input line 6059.
Package hyperref Info: backreferencing OFF on input line 6066.
Package hyperref Info: Link coloring OFF on input line 6071.
Package hyperref Info: Link coloring with OCG OFF on input line 6076.
Package hyperref Info: PDF/A mode OFF on input line 6081.
(c:/Users/plakopec.B01/AppData/Roaming/TinyTeX/texmf-dist/tex/latex/base/atbegshi-ltx.sty
Package: atbegshi-ltx 2021/01/10 v1.0c Emulation of the original atbegshi
package with kernel methods
)
\Hy@abspage=\count387
\c@Item=\count388
\c@Hfootnote=\count389
)
Package hyperref Info: Driver (autodetected): hxetex.
(c:/Users/plakopec.B01/AppData/Roaming/TinyTeX/texmf-dist/tex/latex/hyperref/hxetex.def
File: hxetex.def 2023-05-16 v7.00y Hyperref driver for XeTeX
(c:/Users/plakopec.B01/AppData/Roaming/TinyTeX/texmf-dist/tex/generic/stringenc/stringenc.sty
Package: stringenc 2019/11/29 v1.12 Convert strings between diff. encodings (HO)
)
\pdfm@box=\box87
\c@Hy@AnnotLevel=\count390
\HyField@AnnotCount=\count391
\Fld@listcount=\count392
\c@bookmark@seq@number=\count393
(c:/Users/plakopec.B01/AppData/Roaming/TinyTeX/texmf-dist/tex/latex/rerunfilecheck/rerunfilecheck.sty
Package: rerunfilecheck 2022-07-10 v1.10 Rerun checks for auxiliary files (HO)
(c:/Users/plakopec.B01/AppData/Roaming/TinyTeX/texmf-dist/tex/latex/base/atveryend-ltx.sty
Package: atveryend-ltx 2020/08/19 v1.0a Emulation of the original atveryend package
with kernel methods
) (c:/Users/plakopec.B01/AppData/Roaming/TinyTeX/texmf-dist/tex/generic/uniquecounter/uniquecounter.sty
Package: uniquecounter 2019/12/15 v1.4 Provide unlimited unique counter (HO)
)
Package uniquecounter Info: New unique counter `rerunfilecheck' on input line 285.
)
\Hy@SectionHShift=\skip80
)
LaTeX Font Info:    Trying to load font information for T1+qhv on input line 124.
(c:/Users/plakopec.B01/AppData/Roaming/TinyTeX/texmf-dist/tex/latex/tex-gyre/t1qhv.fd
File: t1qhv.fd 2009/09/25 v1.2 font definition file for T1/qhv
) (./Performance_report_DECEMBER2022.aux)
\openout1 = `Performance_report_DECEMBER2022.aux'.

LaTeX Font Info:    Checking defaults for OML/cmm/m/it on input line 124.
LaTeX Font Info:    ... okay on input line 124.
LaTeX Font Info:    Checking defaults for OMS/cmsy/m/n on input line 124.
LaTeX Font Info:    ... okay on input line 124.
LaTeX Font Info:    Checking defaults for OT1/cmr/m/n on input line 124.
LaTeX Font Info:    ... okay on input line 124.
LaTeX Font Info:    Checking defaults for T1/cmr/m/n on input line 124.
LaTeX Font Info:    ... okay on input line 124.
LaTeX Font Info:    Checking defaults for TS1/cmr/m/n on input line 124.
LaTeX Font Info:    ... okay on input line 124.
LaTeX Font Info:    Checking defaults for TU/lmr/m/n on input line 124.
LaTeX Font Info:    ... okay on input line 124.
LaTeX Font Info:    Checking defaults for OMX/cmex/m/n on input line 124.
LaTeX Font Info:    ... okay on input line 124.
LaTeX Font Info:    Checking defaults for U/cmr/m/n on input line 124.
LaTeX Font Info:    ... okay on input line 124.
LaTeX Font Info:    Checking defaults for PD1/pdf/m/n on input line 124.
LaTeX Font Info:    ... okay on input line 124.
LaTeX Font Info:    Checking defaults for PU/pdf/m/n on input line 124.
LaTeX Font Info:    ... okay on input line 124.
LaTeX Font Info:    Overwriting math alphabet `\mathrm' in version `normal'
(Font)                  OT1/lmr/m/n --> TU/lmr/m/n on input line 124.
LaTeX Font Info:    Overwriting math alphabet `\mathit' in version `normal'
(Font)                  OT1/lmr/m/it --> TU/lmr/m/it on input line 124.
LaTeX Font Info:    Overwriting math alphabet `\mathbf' in version `normal'
(Font)                  OT1/lmr/bx/n --> TU/lmr/bx/n on input line 124.
LaTeX Font Info:    Overwriting math alphabet `\mathsf' in version `normal'
(Font)                  OT1/lmss/m/n --> TU/qhv/m/n on input line 124.
LaTeX Font Info:    Overwriting math alphabet `\mathsf' in version `bold'
(Font)                  OT1/lmss/bx/n --> TU/qhv/bx/n on input line 124.
LaTeX Font Info:    Overwriting math alphabet `\mathtt' in version `normal'
(Font)                  OT1/lmtt/m/n --> TU/lmtt/m/n on input line 124.
LaTeX Font Info:    Overwriting math alphabet `\mathtt' in version `bold'
(Font)                  OT1/lmtt/m/n --> TU/lmtt/bx/n on input line 124.

Package fontspec Info: latinmodern-math scale = 1.215771380827796.


Package fontspec Info: latinmodern-math scale = 1.215771380827796.


Package fontspec Info: latinmodern-math scale = 1.215771380827796.


Package fontspec Info: Font family 'latinmodern-math.otf(0)' created for font
(fontspec)             'latinmodern-math.otf' with options
(fontspec)             [Scale=MatchLowercase,BoldItalicFont={},ItalicFont={},SmallCapsFont={},Script=Math,BoldFont={latinmodern-math.otf}].
(fontspec)              
(fontspec)              This font family consists of the following NFSS
(fontspec)             series/shapes:
(fontspec)              
(fontspec)             - 'normal' (m/n) with NFSS spec.:
(fontspec)             <->s*[1.215771380827796]"[latinmodern-math.otf]/OT:script=math;language=dflt;"
(fontspec)             - 'small caps'  (m/sc) with NFSS spec.: 
(fontspec)             - 'bold' (b/n) with NFSS spec.:
(fontspec)             <->s*[1.215771380827796]"[latinmodern-math.otf]/OT:script=math;language=dflt;"
(fontspec)             - 'bold small caps'  (b/sc) with NFSS spec.: 

LaTeX Font Info:    Trying to load font information for T1+latinmodern-math.otf(0) on input line 124.
LaTeX Font Info:    No file T1latinmodern-math.otf(0).fd. on input line 124.

LaTeX Font Warning: Font shape `T1/latinmodern-math.otf(0)/m/n' undefined
(Font)              using `T1/cmr/m/n' instead on input line 124.


Package unicode-math Warning: The first font loaded by unicode-math must be an
(unicode-math)                OpenType Math font (with script=math). If you
(unicode-math)                simply want ‘the default’ before loading
(unicode-math)                supplementary fonts over the top for certain
(unicode-math)                ranges, use: 
(unicode-math)                  \setmathfont{latinmodern-math.otf}


Package fontspec Info: latinmodern-math scale = 1.215771380827796.


Package fontspec Info: latinmodern-math scale = 1.215771380827796.


Package fontspec Info: latinmodern-math scale = 1.215771380827796.


Package fontspec Info: latinmodern-math scale = 1.215771380827796.


Package fontspec Info: latinmodern-math scale = 1.215771380827796.


Package fontspec Info: Font family 'latinmodern-math.otf(1)' created for font
(fontspec)             'latinmodern-math.otf' with options
(fontspec)             [Scale=MatchLowercase,BoldItalicFont={},ItalicFont={},SmallCapsFont={},Script=Math,SizeFeatures={{Size=0-},{Size=0-0,Font=latinmodern-math.otf,Style=MathScript},{Size=-0,Font=latinmodern-math.otf,Style=MathScriptScript}},BoldFont={latinmodern-math.otf}].
(fontspec)              
(fontspec)              This font family consists of the following NFSS
(fontspec)             series/shapes:
(fontspec)              
(fontspec)             - 'normal' (m/n) with NFSS spec.:
(fontspec)             <0->s*[1.215771380827796]"[latinmodern-math.otf]/OT:script=math;language=dflt;"<0-0>s*[1.215771380827796]"[latinmodern-math.otf]/OT:script=math;language=dflt;+ssty=0;"<-0>s*[1.215771380827796]"[latinmodern-math.otf]/OT:script=math;language=dflt;+ssty=1;"
(fontspec)             - 'small caps'  (m/sc) with NFSS spec.: 
(fontspec)             - 'bold' (b/n) with NFSS spec.:
(fontspec)             <->s*[1.215771380827796]"[latinmodern-math.otf]/OT:script=math;language=dflt;"
(fontspec)             - 'bold small caps'  (b/sc) with NFSS spec.: 

LaTeX Font Info:    Trying to load font information for T1+latinmodern-math.otf(1) on input line 124.
LaTeX Font Info:    No file T1latinmodern-math.otf(1).fd. on input line 124.

LaTeX Font Warning: Font shape `T1/latinmodern-math.otf(1)/m/n' undefined
(Font)              using `T1/cmr/m/n' instead on input line 124.

LaTeX Font Info:    Encoding `OT1' has changed to `T1' for symbol font
(Font)              `operators' in the math version `normal' on input line 124.
LaTeX Font Info:    Overwriting symbol font `operators' in version `normal'
(Font)                  OT1/lmr/m/n --> T1/latinmodern-math.otf(1)/m/n on input line 124.
LaTeX Font Info:    Encoding `OT1' has changed to `T1' for symbol font
(Font)              `operators' in the math version `bold' on input line 124.
LaTeX Font Info:    Overwriting symbol font `operators' in version `bold'
(Font)                  OT1/lmr/bx/n --> T1/latinmodern-math.otf(1)/b/n on input line 124.
*geometry* driver: auto-detecting
*geometry* detected driver: xetex
*geometry* verbose mode - [ preamble ] result:
* driver: xetex
* paper: a4paper
* layout: <same size as paper>
* layoutoffset:(h,v)=(0.0pt,0.0pt)
* modes: landscape 
* h-part:(L,W,R)=(28.45274pt, 788.14136pt, 28.45274pt)
* v-part:(T,H,B)=(14.22636pt, 554.82877pt, 28.45274pt)
* \paperwidth=845.04684pt
* \paperheight=597.50787pt
* \textwidth=788.14136pt
* \textheight=554.82877pt
* \oddsidemargin=-43.81725pt
* \evensidemargin=-43.81725pt
* \topmargin=-95.04362pt
* \headheight=12.0pt
* \headsep=25.0pt
* \topskip=10.0pt
* \footskip=30.0pt
* \marginparwidth=144.0pt
* \marginparsep=11.0pt
* \columnsep=10.0pt
* \skip\footins=8.99997pt plus 3.99956pt minus 2.00041pt
* \hoffset=0.0pt
* \voffset=0.0pt
* \mag=1000
* \@twocolumnfalse
* \@twosidefalse
* \@mparswitchfalse
* \@reversemarginfalse
* (1in=72.27pt=25.4mm, 1cm=28.453pt)

Package caption Info: Begin \AtBeginDocument code.
Package caption Info: hyperref package is loaded.
Package caption Info: longtable package is loaded.
(c:/Users/plakopec.B01/AppData/Roaming/TinyTeX/texmf-dist/tex/latex/caption/ltcaption.sty
Package: ltcaption 2021/01/08 v1.4c longtable captions (AR)
)
Package caption Info: threeparttable package is loaded.
Package caption Info: wrapfig package is loaded.
Package caption Info: End \AtBeginDocument code.
(c:/Users/plakopec.B01/AppData/Roaming/TinyTeX/texmf-dist/tex/latex/fmtcount/fc-english.def
Invalid UTF-8 byte or sequence at line 10 replaced by U+FFFD.
Invalid UTF-8 byte or sequence at line 22 replaced by U+FFFD.
File: fc-english.def 2016/01/12
)
Package hyperref Info: Link coloring OFF on input line 124.
(./Performance_report_DECEMBER2022.out) (./Performance_report_DECEMBER2022.out)
\@outlinefile=\write4
\openout4 = `Performance_report_DECEMBER2022.out'.

File: BREN.png Graphic file (type bmp)
<BREN.png>
[1

]
*geometry* verbose mode - [ newgeometry ] result:
* driver: xetex
* paper: a4paper
* layout: <same size as paper>
* layoutoffset:(h,v)=(0.0pt,0.0pt)
* modes: landscape 
* h-part:(L,W,R)=(42.67912pt, 688.5567pt, 113.81102pt)
* v-part:(T,H,B)=(42.67912pt, 532.06647pt, 22.76228pt)
* \paperwidth=845.04684pt
* \paperheight=597.50787pt
* \textwidth=688.5567pt
* \textheight=532.06647pt
* \oddsidemargin=-29.59087pt
* \evensidemargin=-29.59087pt
* \topmargin=-66.59087pt
* \headheight=12.0pt
* \headsep=25.0pt
* \topskip=10.0pt
* \footskip=30.0pt
* \marginparwidth=144.0pt
* \marginparsep=11.0pt
* \columnsep=10.0pt
* \skip\footins=8.99997pt plus 3.99956pt minus 2.00041pt
* \hoffset=0.0pt
* \voffset=0.0pt
* \mag=1000
* \@twocolumnfalse
* \@twosidefalse
* \@mparswitchfalse
* \@reversemarginfalse
* (1in=72.27pt=25.4mm, 1cm=28.453pt)

(./Performance_report_DECEMBER2022.toc
LaTeX Font Info:    Calculating math sizes for size <8.33344> on input line 2.
LaTeX Font Info:    Trying to load font information for OML+lmm on input line 2.
(c:/Users/plakopec.B01/AppData/Roaming/TinyTeX/texmf-dist/tex/latex/lm/omllmm.fd
File: omllmm.fd 2015/05/01 v1.6.1 Font defs for Latin Modern
)
LaTeX Font Info:    Trying to load font information for OMS+lmsy on input line 2.
(c:/Users/plakopec.B01/AppData/Roaming/TinyTeX/texmf-dist/tex/latex/lm/omslmsy.fd
File: omslmsy.fd 2015/05/01 v1.6.1 Font defs for Latin Modern
)
LaTeX Font Info:    Trying to load font information for OMX+lmex on input line 2.
(c:/Users/plakopec.B01/AppData/Roaming/TinyTeX/texmf-dist/tex/latex/lm/omxlmex.fd
File: omxlmex.fd 2015/05/01 v1.6.1 Font defs for Latin Modern
)
LaTeX Font Info:    External font `lmex10' loaded for size
(Font)              <8.33344> on input line 2.
LaTeX Font Info:    External font `lmex10' loaded for size
(Font)              <5.83337> on input line 2.
LaTeX Font Info:    External font `lmex10' loaded for size
(Font)              <4.16672> on input line 2.
LaTeX Font Info:    Trying to load font information for U+msa on input line 2.
(c:/Users/plakopec.B01/AppData/Roaming/TinyTeX/texmf-dist/tex/latex/amsfonts/umsa.fd
File: umsa.fd 2013/01/14 v3.01 AMS symbols A
)
LaTeX Font Info:    Trying to load font information for U+msb on input line 2.
(c:/Users/plakopec.B01/AppData/Roaming/TinyTeX/texmf-dist/tex/latex/amsfonts/umsb.fd
File: umsb.fd 2013/01/14 v3.01 AMS symbols B
) [2


]
Overfull \hbox (0.98329pt too wide) detected at line 55
 []\T1/qhv/m/n/8.33344 101
 []


Overfull \hbox (0.98329pt too wide) detected at line 56
 []\T1/qhv/m/n/8.33344 101
 []


Overfull \hbox (0.98329pt too wide) detected at line 57
 []\T1/qhv/m/n/8.33344 102
 []


Overfull \hbox (0.98329pt too wide) detected at line 58
 []\T1/qhv/m/n/8.33344 104
 []


Overfull \hbox (0.98329pt too wide) detected at line 59
 []\T1/qhv/m/n/8.33344 106
 []


Overfull \hbox (0.98329pt too wide) detected at line 60
 []\T1/qhv/m/n/8.33344 109
 []


Overfull \hbox (0.98329pt too wide) detected at line 61
 []\T1/qhv/m/n/8.33344 112
 []


Overfull \hbox (0.98329pt too wide) detected at line 62
 []\T1/qhv/m/n/8.33344 113
 []


Overfull \hbox (0.98329pt too wide) detected at line 63
 []\T1/qhv/m/n/8.33344 114
 []


Overfull \hbox (0.98329pt too wide) detected at line 64
 []\T1/qhv/m/n/8.33344 115
 []


Overfull \hbox (0.98329pt too wide) detected at line 65
 []\T1/qhv/m/n/8.33344 116
 []


Overfull \hbox (0.98329pt too wide) detected at line 66
 []\T1/qhv/m/n/8.33344 119
 []


Overfull \hbox (0.98329pt too wide) detected at line 67
 []\T1/qhv/m/n/8.33344 123
 []


Overfull \hbox (0.98329pt too wide) detected at line 68
 []\T1/qhv/m/n/8.33344 126
 []

)
\tf@toc=\write5
\openout5 = `Performance_report_DECEMBER2022.toc'.

[3]
*geometry* verbose mode - [ newgeometry ] result:
* driver: xetex
* paper: a4paper
* layout: <same size as paper>
* layoutoffset:(h,v)=(0.0pt,0.0pt)
* modes: landscape 
* h-part:(L,W,R)=(42.67912pt, 688.5567pt, 113.81102pt)
* v-part:(T,H,B)=(42.67912pt, 526.376pt, 28.45274pt)
* \paperwidth=845.04684pt
* \paperheight=597.50787pt
* \textwidth=688.5567pt
* \textheight=526.376pt
* \oddsidemargin=-29.59087pt
* \evensidemargin=-29.59087pt
* \topmargin=-66.59087pt
* \headheight=12.0pt
* \headsep=25.0pt
* \topskip=10.0pt
* \footskip=30.0pt
* \marginparwidth=144.0pt
* \marginparsep=11.0pt
* \columnsep=10.0pt
* \skip\footins=8.99997pt plus 3.99956pt minus 2.00041pt
* \hoffset=0.0pt
* \voffset=0.0pt
* \mag=1000
* \@twocolumnfalse
* \@twosidefalse
* \@mparswitchfalse
* \@reversemarginfalse
* (1in=72.27pt=25.4mm, 1cm=28.453pt)

Chapter 1.

Overfull \hbox (41.4433pt too wide) in paragraph at lines 171--172
[] 
 []

[4


]
*geometry* verbose mode - [ newgeometry ] result:
* driver: xetex
* paper: a4paper
* layout: <same size as paper>
* layoutoffset:(h,v)=(0.0pt,0.0pt)
* modes: landscape 
* h-part:(L,W,R)=(22.76228pt, 799.52228pt, 22.76228pt)
* v-part:(T,H,B)=(42.67912pt, 517.84009pt, 36.98866pt)
* \paperwidth=845.04684pt
* \paperheight=597.50787pt
* \textwidth=799.52228pt
* \textheight=517.84009pt
* \oddsidemargin=-49.5077pt
* \evensidemargin=-49.5077pt
* \topmargin=-66.59087pt
* \headheight=12.0pt
* \headsep=25.0pt
* \topskip=10.0pt
* \footskip=30.0pt
* \marginparwidth=144.0pt
* \marginparsep=11.0pt
* \columnsep=10.0pt
* \skip\footins=8.99997pt plus 3.99956pt minus 2.00041pt
* \hoffset=0.0pt
* \voffset=0.0pt
* \mag=1000
* \@twocolumnfalse
* \@twosidefalse
* \@mparswitchfalse
* \@reversemarginfalse
* (1in=72.27pt=25.4mm, 1cm=28.453pt)

LaTeX Font Info:    External font `lmex10' loaded for size
(Font)              <10> on input line 205.
LaTeX Font Info:    External font `lmex10' loaded for size
(Font)              <7> on input line 205.
LaTeX Font Info:    External font `lmex10' loaded for size
(Font)              <5> on input line 205.
File: BrenntagPurple.png Graphic file (type bmp)
<BrenntagPurple.png>
[5

]
File: C:/Users/plakopec.B01/ONEDRI~1/PROJEKTY/PERFOR~1/output/PERFOR~4/figure-latex/Wykres-1.pdf Graphic file (type pdf)
<use C:/Users/plakopec.B01/ONEDRI~1/PROJEKTY/PERFOR~1/output/PERFOR~4/figure-latex/Wykres-1.pdf>
File: BrenntagPurple.png Graphic file (type bmp)
<BrenntagPurple.png>
[6]
File: BrenntagPurple.png Graphic file (type bmp)
<BrenntagPurple.png>
[7]
File: BrenntagPurple.png Graphic file (type bmp)
<BrenntagPurple.png>
[8]
File: BrenntagPurple.png Graphic file (type bmp)
<BrenntagPurple.png>
[9]
File: BrenntagPurple.png Graphic file (type bmp)
<BrenntagPurple.png>
[10]
File: BrenntagPurple.png Graphic file (type bmp)
<BrenntagPurple.png>
[11]
File: BrenntagPurple.png Graphic file (type bmp)
<BrenntagPurple.png>
[12]
File: BrenntagPurple.png Graphic file (type bmp)
<BrenntagPurple.png>
[13]
File: BrenntagPurple.png Graphic file (type bmp)
<BrenntagPurple.png>
[14]
File: BrenntagPurple.png Graphic file (type bmp)
<BrenntagPurple.png>
[15]
File: BrenntagPurple.png Graphic file (type bmp)
<BrenntagPurple.png>
[16]
File: BrenntagPurple.png Graphic file (type bmp)
<BrenntagPurple.png>
[17]
File: BrenntagPurple.png Graphic file (type bmp)
<BrenntagPurple.png>
[18]
File: BrenntagPurple.png Graphic file (type bmp)
<BrenntagPurple.png>
[19]
File: BrenntagPurple.png Graphic file (type bmp)
<BrenntagPurple.png>
[20]
Overfull \hbox (11.04848pt too wide) in alignment at lines 982--988
 [] [] [] [] [] [] [] [] [] [] [] [] [] [] [] [] [] 
 []


Overfull \hbox (11.04848pt too wide) in alignment at lines 988--993
 [] [] [] [] [] [] [] [] [] [] [] [] [] [] [] [] [] 
 []


Overfull \hbox (11.04848pt too wide) in alignment at lines 993--995
 [] [] [] [] [] [] [] [] [] [] [] [] [] [] [] [] [] 
 []


Overfull \hbox (11.04848pt too wide) in alignment at lines 995--997
 [] [] [] [] [] [] [] [] [] [] [] [] [] [] [] [] [] 
 []


Overfull \hbox (11.04848pt too wide) in alignment at lines 997--1052
 [] [] [] [] [] [] [] [] [] [] [] [] [] [] [] [] [] 
 []

File: BrenntagPurple.png Graphic file (type bmp)
<BrenntagPurple.png>
[21]
File: BrenntagPurple.png Graphic file (type bmp)
<BrenntagPurple.png>
[22]
Overfull \hbox (18.9386pt too wide) in alignment at lines 1060--1066
 [] [] [] [] [] [] [] [] [] [] [] [] [] [] [] [] [] 
 []


Overfull \hbox (18.9386pt too wide) in alignment at lines 1066--1071
 [] [] [] [] [] [] [] [] [] [] [] [] [] [] [] [] [] 
 []


Overfull \hbox (18.9386pt too wide) in alignment at lines 1071--1073
 [] [] [] [] [] [] [] [] [] [] [] [] [] [] [] [] [] 
 []


Overfull \hbox (18.9386pt too wide) in alignment at lines 1073--1075
 [] [] [] [] [] [] [] [] [] [] [] [] [] [] [] [] [] 
 []


Overfull \hbox (18.9386pt too wide) in alignment at lines 1075--1132
 [] [] [] [] [] [] [] [] [] [] [] [] [] [] [] [] [] 
 []

File: BrenntagPurple.png Graphic file (type bmp)
<BrenntagPurple.png>
[23]
File: BrenntagPurple.png Graphic file (type bmp)
<BrenntagPurple.png>
[24]
File: BrenntagPurple.png Graphic file (type bmp)
<BrenntagPurple.png>
[25]
File: BrenntagPurple.png Graphic file (type bmp)
<BrenntagPurple.png>
[26]
File: BrenntagPurple.png Graphic file (type bmp)
<BrenntagPurple.png>
[27]
File: BrenntagPurple.png Graphic file (type bmp)
<BrenntagPurple.png>
[28]
File: BrenntagPurple.png Graphic file (type bmp)
<BrenntagPurple.png>
[29]
File: BrenntagPurple.png Graphic file (type bmp)
<BrenntagPurple.png>
[30]
File: BrenntagPurple.png Graphic file (type bmp)
<BrenntagPurple.png>
[31]
File: BrenntagPurple.png Graphic file (type bmp)
<BrenntagPurple.png>
[32]
File: BrenntagPurple.png Graphic file (type bmp)
<BrenntagPurple.png>
[33]
File: BrenntagPurple.png Graphic file (type bmp)
<BrenntagPurple.png>
[34]
File: BrenntagPurple.png Graphic file (type bmp)
<BrenntagPurple.png>
[35]
File: BrenntagPurple.png Graphic file (type bmp)
<BrenntagPurple.png>
[36]
File: BrenntagPurple.png Graphic file (type bmp)
<BrenntagPurple.png>
[37]
File: BrenntagPurple.png Graphic file (type bmp)
<BrenntagPurple.png>
[38]
File: BrenntagPurple.png Graphic file (type bmp)
<BrenntagPurple.png>
[39]
File: BrenntagPurple.png Graphic file (type bmp)
<BrenntagPurple.png>
[40]
File: BrenntagPurple.png Graphic file (type bmp)
<BrenntagPurple.png>
[41]
Overfull \hbox (7.88353pt too wide) in alignment at lines 1974--1980
 [] [] [] [] [] [] [] [] [] [] [] [] [] [] [] [] [] 
 []


Overfull \hbox (7.88353pt too wide) in alignment at lines 1980--1985
 [] [] [] [] [] [] [] [] [] [] [] [] [] [] [] [] [] 
 []


Overfull \hbox (7.88353pt too wide) in alignment at lines 1985--1987
 [] [] [] [] [] [] [] [] [] [] [] [] [] [] [] [] [] 
 []


Overfull \hbox (7.88353pt too wide) in alignment at lines 1987--1989
 [] [] [] [] [] [] [] [] [] [] [] [] [] [] [] [] [] 
 []


Overfull \hbox (7.88353pt too wide) in alignment at lines 1989--2209
 [] [] [] [] [] [] [] [] [] [] [] [] [] [] [] [] [] 
 []


Overfull \hbox (7.88353pt too wide) in alignment at lines 2209--2312
 [] [] [] [] [] [] [] [] [] [] [] [] [] [] [] [] [] 
 []

File: BrenntagPurple.png Graphic file (type bmp)
<BrenntagPurple.png>
[42]
File: BrenntagPurple.png Graphic file (type bmp)
<BrenntagPurple.png>
[43]
File: BrenntagPurple.png Graphic file (type bmp)
<BrenntagPurple.png>
[44]
File: BrenntagPurple.png Graphic file (type bmp)
<BrenntagPurple.png>
[45]
File: BrenntagPurple.png Graphic file (type bmp)
<BrenntagPurple.png>
[46]
File: BrenntagPurple.png Graphic file (type bmp)
<BrenntagPurple.png>
[47]
File: BrenntagPurple.png Graphic file (type bmp)
<BrenntagPurple.png>
[48]
Overfull \hbox (13.01515pt too wide) in alignment at lines 2320--2326
 [] [] [] [] [] [] [] [] [] [] [] [] [] [] [] [] [] 
 []


Overfull \hbox (13.01515pt too wide) in alignment at lines 2326--2331
 [] [] [] [] [] [] [] [] [] [] [] [] [] [] [] [] [] 
 []


Overfull \hbox (13.01515pt too wide) in alignment at lines 2331--2333
 [] [] [] [] [] [] [] [] [] [] [] [] [] [] [] [] [] 
 []


Overfull \hbox (13.01515pt too wide) in alignment at lines 2333--2335
 [] [] [] [] [] [] [] [] [] [] [] [] [] [] [] [] [] 
 []


Overfull \hbox (13.01515pt too wide) in alignment at lines 2335--2474
 [] [] [] [] [] [] [] [] [] [] [] [] [] [] [] [] [] 
 []

File: BrenntagPurple.png Graphic file (type bmp)
<BrenntagPurple.png>
[49]
File: BrenntagPurple.png Graphic file (type bmp)
<BrenntagPurple.png>
[50]
File: BrenntagPurple.png Graphic file (type bmp)
<BrenntagPurple.png>
[51]
Overfull \hbox (31.13707pt too wide) in alignment at lines 2482--2488
 [] [] [] [] [] [] [] [] [] [] [] [] [] [] [] [] [] 
 []


Overfull \hbox (31.13707pt too wide) in alignment at lines 2488--2493
 [] [] [] [] [] [] [] [] [] [] [] [] [] [] [] [] [] 
 []


Overfull \hbox (31.13707pt too wide) in alignment at lines 2493--2495
 [] [] [] [] [] [] [] [] [] [] [] [] [] [] [] [] [] 
 []


Overfull \hbox (31.13707pt too wide) in alignment at lines 2495--2497
 [] [] [] [] [] [] [] [] [] [] [] [] [] [] [] [] [] 
 []


Overfull \hbox (31.13707pt too wide) in alignment at lines 2497--2639
 [] [] [] [] [] [] [] [] [] [] [] [] [] [] [] [] [] 
 []

File: BrenntagPurple.png Graphic file (type bmp)
<BrenntagPurple.png>
[52]
File: BrenntagPurple.png Graphic file (type bmp)
<BrenntagPurple.png>
[53]
File: BrenntagPurple.png Graphic file (type bmp)
<BrenntagPurple.png>
[54]
File: BrenntagPurple.png Graphic file (type bmp)
<BrenntagPurple.png>
[55]
File: BrenntagPurple.png Graphic file (type bmp)
<BrenntagPurple.png>
[56]
File: BrenntagPurple.png Graphic file (type bmp)
<BrenntagPurple.png>
[57]
File: BrenntagPurple.png Graphic file (type bmp)
<BrenntagPurple.png>
[58]
Overfull \hbox (4.58852pt too wide) in alignment at lines 2849--2855
 [] [] [] [] [] [] [] [] [] [] [] [] [] [] [] [] [] 
 []


Overfull \hbox (4.58852pt too wide) in alignment at lines 2855--2860
 [] [] [] [] [] [] [] [] [] [] [] [] [] [] [] [] [] 
 []


Overfull \hbox (4.58852pt too wide) in alignment at lines 2860--2862
 [] [] [] [] [] [] [] [] [] [] [] [] [] [] [] [] [] 
 []


Overfull \hbox (4.58852pt too wide) in alignment at lines 2862--2864
 [] [] [] [] [] [] [] [] [] [] [] [] [] [] [] [] [] 
 []


Overfull \hbox (4.58852pt too wide) in alignment at lines 2864--3050
 [] [] [] [] [] [] [] [] [] [] [] [] [] [] [] [] [] 
 []

File: BrenntagPurple.png Graphic file (type bmp)
<BrenntagPurple.png>
[59]
File: BrenntagPurple.png Graphic file (type bmp)
<BrenntagPurple.png>
[60]
File: BrenntagPurple.png Graphic file (type bmp)
<BrenntagPurple.png>
[61]
File: BrenntagPurple.png Graphic file (type bmp)
<BrenntagPurple.png>
[62]
File: BrenntagPurple.png Graphic file (type bmp)
<BrenntagPurple.png>
[63]
File: BrenntagPurple.png Graphic file (type bmp)
<BrenntagPurple.png>
[64]
Overfull \hbox (4.58852pt too wide) in alignment at lines 3153--3159
 [] [] [] [] [] [] [] [] [] [] [] [] [] [] [] [] [] 
 []


Overfull \hbox (4.58852pt too wide) in alignment at lines 3159--3164
 [] [] [] [] [] [] [] [] [] [] [] [] [] [] [] [] [] 
 []


Overfull \hbox (4.58852pt too wide) in alignment at lines 3164--3166
 [] [] [] [] [] [] [] [] [] [] [] [] [] [] [] [] [] 
 []


Overfull \hbox (4.58852pt too wide) in alignment at lines 3166--3168
 [] [] [] [] [] [] [] [] [] [] [] [] [] [] [] [] [] 
 []


Overfull \hbox (4.58852pt too wide) in alignment at lines 3168--3239
 [] [] [] [] [] [] [] [] [] [] [] [] [] [] [] [] [] 
 []

File: BrenntagPurple.png Graphic file (type bmp)
<BrenntagPurple.png>
[65]
File: BrenntagPurple.png Graphic file (type bmp)
<BrenntagPurple.png>
[66]
File: BrenntagPurple.png Graphic file (type bmp)
<BrenntagPurple.png>
[67]
File: BrenntagPurple.png Graphic file (type bmp)
<BrenntagPurple.png>
[68]
File: BrenntagPurple.png Graphic file (type bmp)
<BrenntagPurple.png>
[69]
File: BrenntagPurple.png Graphic file (type bmp)
<BrenntagPurple.png>
[70]
File: BrenntagPurple.png Graphic file (type bmp)
<BrenntagPurple.png>
[71]
File: BrenntagPurple.png Graphic file (type bmp)
<BrenntagPurple.png>
[72]
File: BrenntagPurple.png Graphic file (type bmp)
<BrenntagPurple.png>
[73]
File: BrenntagPurple.png Graphic file (type bmp)
<BrenntagPurple.png>
[74]
File: BrenntagPurple.png Graphic file (type bmp)
<BrenntagPurple.png>
[75]
File: BrenntagPurple.png Graphic file (type bmp)
<BrenntagPurple.png>
[76]
File: BrenntagPurple.png Graphic file (type bmp)
<BrenntagPurple.png>
[77]
File: BrenntagPurple.png Graphic file (type bmp)
<BrenntagPurple.png>
[78]
Overfull \hbox (0.44516pt too wide) in alignment at lines 3873--3879
 [] [] [] [] [] [] [] [] [] [] [] [] [] [] [] [] [] 
 []


Overfull \hbox (0.44516pt too wide) in alignment at lines 3879--3884
 [] [] [] [] [] [] [] [] [] [] [] [] [] [] [] [] [] 
 []


Overfull \hbox (0.44516pt too wide) in alignment at lines 3884--3886
 [] [] [] [] [] [] [] [] [] [] [] [] [] [] [] [] [] 
 []


Overfull \hbox (0.44516pt too wide) in alignment at lines 3886--3888
 [] [] [] [] [] [] [] [] [] [] [] [] [] [] [] [] [] 
 []


Overfull \hbox (0.44516pt too wide) in alignment at lines 3888--3985
 [] [] [] [] [] [] [] [] [] [] [] [] [] [] [] [] [] 
 []

File: BrenntagPurple.png Graphic file (type bmp)
<BrenntagPurple.png>
[79]
File: BrenntagPurple.png Graphic file (type bmp)
<BrenntagPurple.png>
[80]
File: BrenntagPurple.png Graphic file (type bmp)
<BrenntagPurple.png>
[81]
File: C:/Users/plakopec.B01/ONEDRI~1/PROJEKTY/PERFOR~1/output/PERFOR~4/figure-latex/WykresTop20-1.pdf Graphic file (type pdf)
<use C:/Users/plakopec.B01/ONEDRI~1/PROJEKTY/PERFOR~1/output/PERFOR~4/figure-latex/WykresTop20-1.pdf>
File: BrenntagPurple.png Graphic file (type bmp)
<BrenntagPurple.png>
[82]
File: C:/Users/plakopec.B01/ONEDRI~1/PROJEKTY/PERFOR~1/output/PERFOR~4/figure-latex/WykresTop20y-1.pdf Graphic file (type pdf)
<use C:/Users/plakopec.B01/ONEDRI~1/PROJEKTY/PERFOR~1/output/PERFOR~4/figure-latex/WykresTop20y-1.pdf>
File: BrenntagPurple.png Graphic file (type bmp)
<BrenntagPurple.png>
[83]
File: C:/Users/plakopec.B01/ONEDRI~1/PROJEKTY/PERFOR~1/output/PERFOR~4/figure-latex/WykresTop20Q-1.pdf Graphic file (type pdf)
<use C:/Users/plakopec.B01/ONEDRI~1/PROJEKTY/PERFOR~1/output/PERFOR~4/figure-latex/WykresTop20Q-1.pdf>
File: BrenntagPurple.png Graphic file (type bmp)
<BrenntagPurple.png>
[84]
File: C:/Users/plakopec.B01/ONEDRI~1/PROJEKTY/PERFOR~1/output/PERFOR~4/figure-latex/WykresTop20QY-1.pdf Graphic file (type pdf)
<use C:/Users/plakopec.B01/ONEDRI~1/PROJEKTY/PERFOR~1/output/PERFOR~4/figure-latex/WykresTop20QY-1.pdf>
File: BrenntagPurple.png Graphic file (type bmp)
<BrenntagPurple.png>
[85]
File: C:/Users/plakopec.B01/ONEDRI~1/PROJEKTY/PERFOR~1/output/PERFOR~4/figure-latex/WykresBot-1.pdf Graphic file (type pdf)
<use C:/Users/plakopec.B01/ONEDRI~1/PROJEKTY/PERFOR~1/output/PERFOR~4/figure-latex/WykresBot-1.pdf>
File: BrenntagPurple.png Graphic file (type bmp)
<BrenntagPurple.png>
[86]
File: C:/Users/plakopec.B01/ONEDRI~1/PROJEKTY/PERFOR~1/output/PERFOR~4/figure-latex/WykresBotY-1.pdf Graphic file (type pdf)
<use C:/Users/plakopec.B01/ONEDRI~1/PROJEKTY/PERFOR~1/output/PERFOR~4/figure-latex/WykresBotY-1.pdf>
File: BrenntagPurple.png Graphic file (type bmp)
<BrenntagPurple.png>
[87]
File: C:/Users/plakopec.B01/ONEDRI~1/PROJEKTY/PERFOR~1/output/PERFOR~4/figure-latex/WykresBotQ-1.pdf Graphic file (type pdf)
<use C:/Users/plakopec.B01/ONEDRI~1/PROJEKTY/PERFOR~1/output/PERFOR~4/figure-latex/WykresBotQ-1.pdf>
File: BrenntagPurple.png Graphic file (type bmp)
<BrenntagPurple.png>
[88]
File: C:/Users/plakopec.B01/ONEDRI~1/PROJEKTY/PERFOR~1/output/PERFOR~4/figure-latex/WykresBotQY-1.pdf Graphic file (type pdf)
<use C:/Users/plakopec.B01/ONEDRI~1/PROJEKTY/PERFOR~1/output/PERFOR~4/figure-latex/WykresBotQY-1.pdf>
File: BrenntagPurple.png Graphic file (type bmp)
<BrenntagPurple.png>
[89]
File: BrenntagPurple.png Graphic file (type bmp)
<BrenntagPurple.png>
[90]
File: BrenntagPurple.png Graphic file (type bmp)
<BrenntagPurple.png>
[91]
File: BrenntagPurple.png Graphic file (type bmp)
<BrenntagPurple.png>
[92]
File: BrenntagPurple.png Graphic file (type bmp)
<BrenntagPurple.png>
[93]
File: BrenntagPurple.png Graphic file (type bmp)
<BrenntagPurple.png>
[94]
File: BrenntagPurple.png Graphic file (type bmp)
<BrenntagPurple.png>
[95]
File: BrenntagPurple.png Graphic file (type bmp)
<BrenntagPurple.png>
[96]
File: BrenntagPurple.png Graphic file (type bmp)
<BrenntagPurple.png>
[97]
File: BrenntagPurple.png Graphic file (type bmp)
<BrenntagPurple.png>
[98]
File: BrenntagPurple.png Graphic file (type bmp)
<BrenntagPurple.png>
[99]
*geometry* verbose mode - [ newgeometry ] result:
* driver: xetex
* paper: a4paper
* layout: <same size as paper>
* layoutoffset:(h,v)=(0.0pt,0.0pt)
* modes: landscape 
* h-part:(L,W,R)=(42.67912pt, 688.5567pt, 113.81102pt)
* v-part:(T,H,B)=(42.67912pt, 526.376pt, 28.45274pt)
* \paperwidth=845.04684pt
* \paperheight=597.50787pt
* \textwidth=688.5567pt
* \textheight=526.376pt
* \oddsidemargin=-29.59087pt
* \evensidemargin=-29.59087pt
* \topmargin=-66.59087pt
* \headheight=12.0pt
* \headsep=25.0pt
* \topskip=10.0pt
* \footskip=30.0pt
* \marginparwidth=144.0pt
* \marginparsep=11.0pt
* \columnsep=10.0pt
* \skip\footins=8.99997pt plus 3.99956pt minus 2.00041pt
* \hoffset=0.0pt
* \voffset=0.0pt
* \mag=1000
* \@twocolumnfalse
* \@twosidefalse
* \@mparswitchfalse
* \@reversemarginfalse
* (1in=72.27pt=25.4mm, 1cm=28.453pt)

*geometry* verbose mode - [ newgeometry ] result:
* driver: xetex
* paper: a4paper
* layout: <same size as paper>
* layoutoffset:(h,v)=(0.0pt,0.0pt)
* modes: landscape 
* h-part:(L,W,R)=(42.67912pt, 688.5567pt, 113.81102pt)
* v-part:(T,H,B)=(42.67912pt, 526.376pt, 28.45274pt)
* \paperwidth=845.04684pt
* \paperheight=597.50787pt
* \textwidth=688.5567pt
* \textheight=526.376pt
* \oddsidemargin=-29.59087pt
* \evensidemargin=-29.59087pt
* \topmargin=-66.59087pt
* \headheight=12.0pt
* \headsep=25.0pt
* \topskip=10.0pt
* \footskip=30.0pt
* \marginparwidth=144.0pt
* \marginparsep=11.0pt
* \columnsep=10.0pt
* \skip\footins=8.99997pt plus 3.99956pt minus 2.00041pt
* \hoffset=0.0pt
* \voffset=0.0pt
* \mag=1000
* \@twocolumnfalse
* \@twosidefalse
* \@mparswitchfalse
* \@reversemarginfalse
* (1in=72.27pt=25.4mm, 1cm=28.453pt)

Chapter 2.

Overfull \hbox (41.4433pt too wide) in paragraph at lines 4888--4889
[] 
 []

[100



]
*geometry* verbose mode - [ newgeometry ] result:
* driver: xetex
* paper: a4paper
* layout: <same size as paper>
* layoutoffset:(h,v)=(0.0pt,0.0pt)
* modes: landscape 
* h-part:(L,W,R)=(22.76228pt, 799.52228pt, 22.76228pt)
* v-part:(T,H,B)=(42.67912pt, 517.84009pt, 36.98866pt)
* \paperwidth=845.04684pt
* \paperheight=597.50787pt
* \textwidth=799.52228pt
* \textheight=517.84009pt
* \oddsidemargin=-49.5077pt
* \evensidemargin=-49.5077pt
* \topmargin=-66.59087pt
* \headheight=12.0pt
* \headsep=25.0pt
* \topskip=10.0pt
* \footskip=30.0pt
* \marginparwidth=144.0pt
* \marginparsep=11.0pt
* \columnsep=10.0pt
* \skip\footins=8.99997pt plus 3.99956pt minus 2.00041pt
* \hoffset=0.0pt
* \voffset=0.0pt
* \mag=1000
* \@twocolumnfalse
* \@twosidefalse
* \@mparswitchfalse
* \@reversemarginfalse
* (1in=72.27pt=25.4mm, 1cm=28.453pt)

LaTeX Font Info:    Trying to load font information for TS1+qhv on input line 4937.
(c:/Users/plakopec.B01/AppData/Roaming/TinyTeX/texmf-dist/tex/latex/tex-gyre/ts1qhv.fd
File: ts1qhv.fd 2009/09/25 v1.2 font definition file for TS1/qhv
)
File: BrenntagPurple.png Graphic file (type bmp)
<BrenntagPurple.png>
[101

]
File: BrenntagPurple.png Graphic file (type bmp)
<BrenntagPurple.png>
[102]
File: BrenntagPurple.png Graphic file (type bmp)
<BrenntagPurple.png>
[103]
File: BrenntagPurple.png Graphic file (type bmp)
<BrenntagPurple.png>
[104]
File: BrenntagPurple.png Graphic file (type bmp)
<BrenntagPurple.png>
[105]
File: BrenntagPurple.png Graphic file (type bmp)
<BrenntagPurple.png>
[106]
File: BrenntagPurple.png Graphic file (type bmp)
<BrenntagPurple.png>
[107]
File: BrenntagPurple.png Graphic file (type bmp)
<BrenntagPurple.png>
[108]
File: BrenntagPurple.png Graphic file (type bmp)
<BrenntagPurple.png>
[109]
File: BrenntagPurple.png Graphic file (type bmp)
<BrenntagPurple.png>
[110]
File: BrenntagPurple.png Graphic file (type bmp)
<BrenntagPurple.png>
[111]
File: BrenntagPurple.png Graphic file (type bmp)
<BrenntagPurple.png>
[112]
File: BrenntagPurple.png Graphic file (type bmp)
<BrenntagPurple.png>
[113]
File: BrenntagPurple.png Graphic file (type bmp)
<BrenntagPurple.png>
[114]
File: BrenntagPurple.png Graphic file (type bmp)
<BrenntagPurple.png>
[115]
File: BrenntagPurple.png Graphic file (type bmp)
<BrenntagPurple.png>
[116]
File: BrenntagPurple.png Graphic file (type bmp)
<BrenntagPurple.png>
[117]
File: BrenntagPurple.png Graphic file (type bmp)
<BrenntagPurple.png>
[118]
Overfull \hbox (12.72186pt too wide) in alignment at lines 5854--5860
 [] [] [] [] [] [] [] [] [] [] [] [] [] [] [] [] [] 
 []


Overfull \hbox (12.72186pt too wide) in alignment at lines 5860--5865
 [] [] [] [] [] [] [] [] [] [] [] [] [] [] [] [] [] 
 []


Overfull \hbox (12.72186pt too wide) in alignment at lines 5865--5867
 [] [] [] [] [] [] [] [] [] [] [] [] [] [] [] [] [] 
 []


Overfull \hbox (12.72186pt too wide) in alignment at lines 5867--5869
 [] [] [] [] [] [] [] [] [] [] [] [] [] [] [] [] [] 
 []


Overfull \hbox (12.72186pt too wide) in alignment at lines 5869--6019
 [] [] [] [] [] [] [] [] [] [] [] [] [] [] [] [] [] 
 []

File: BrenntagPurple.png Graphic file (type bmp)
<BrenntagPurple.png>
[119]
File: BrenntagPurple.png Graphic file (type bmp)
<BrenntagPurple.png>
[120]
File: BrenntagPurple.png Graphic file (type bmp)
<BrenntagPurple.png>
[121]
File: BrenntagPurple.png Graphic file (type bmp)
<BrenntagPurple.png>
[122]
File: BrenntagPurple.png Graphic file (type bmp)
<BrenntagPurple.png>
[123]
File: BrenntagPurple.png Graphic file (type bmp)
<BrenntagPurple.png>
[124]
File: BrenntagPurple.png Graphic file (type bmp)
<BrenntagPurple.png>
[125]
Overfull \hbox (7.50267pt too wide) in alignment at lines 6192--6198
 [] [] [] [] [] [] [] [] [] [] [] [] [] [] [] [] [] 
 []


Overfull \hbox (7.50267pt too wide) in alignment at lines 6198--6203
 [] [] [] [] [] [] [] [] [] [] [] [] [] [] [] [] [] 
 []


Overfull \hbox (7.50267pt too wide) in alignment at lines 6203--6205
 [] [] [] [] [] [] [] [] [] [] [] [] [] [] [] [] [] 
 []


Overfull \hbox (7.50267pt too wide) in alignment at lines 6205--6207
 [] [] [] [] [] [] [] [] [] [] [] [] [] [] [] [] [] 
 []


Overfull \hbox (7.50267pt too wide) in alignment at lines 6207--6357
 [] [] [] [] [] [] [] [] [] [] [] [] [] [] [] [] [] 
 []

File: BrenntagPurple.png Graphic file (type bmp)
<BrenntagPurple.png>
[126]
File: BrenntagPurple.png Graphic file (type bmp)
<BrenntagPurple.png>
[127]
File: BrenntagPurple.png Graphic file (type bmp)
<BrenntagPurple.png>
[128]
File: BrenntagPurple.png Graphic file (type bmp)
<BrenntagPurple.png>
[129]
*geometry* verbose mode - [ newgeometry ] result:
* driver: xetex
* paper: a4paper
* layout: <same size as paper>
* layoutoffset:(h,v)=(0.0pt,0.0pt)
* modes: landscape 
* h-part:(L,W,R)=(42.67912pt, 688.5567pt, 113.81102pt)
* v-part:(T,H,B)=(42.67912pt, 526.376pt, 28.45274pt)
* \paperwidth=845.04684pt
* \paperheight=597.50787pt
* \textwidth=688.5567pt
* \textheight=526.376pt
* \oddsidemargin=-29.59087pt
* \evensidemargin=-29.59087pt
* \topmargin=-66.59087pt
* \headheight=12.0pt
* \headsep=25.0pt
* \topskip=10.0pt
* \footskip=30.0pt
* \marginparwidth=144.0pt
* \marginparsep=11.0pt
* \columnsep=10.0pt
* \skip\footins=8.99997pt plus 3.99956pt minus 2.00041pt
* \hoffset=0.0pt
* \voffset=0.0pt
* \mag=1000
* \@twocolumnfalse
* \@twosidefalse
* \@mparswitchfalse
* \@reversemarginfalse
* (1in=72.27pt=25.4mm, 1cm=28.453pt)

[130

] (./Performance_report_DECEMBER2022.aux)

LaTeX Font Warning: Some font shapes were not available, defaults substituted.

Package rerunfilecheck Info: File `Performance_report_DECEMBER2022.out' has not changed.
(rerunfilecheck)             Checksum: A029BA3325D6037DE104E93A047C8E73;18288.
 ) 
Here is how much of TeX's memory you used:
 28441 strings out of 478699
 580358 string characters out of 5847135
 2140410 words of memory out of 5000000
 48051 multiletter control sequences out of 15000+600000
 566258 words of font info for 85 fonts, out of 8000000 for 9000
 14 hyphenation exceptions out of 8191
 94i,13n,120p,1492b,917s stack positions out of 10000i,1000n,20000p,200000b,200000s

Output written on Performance_report_DECEMBER2022.pdf (130 pages).
